<?xml version="1.0" encoding="UTF-8"?>
<testsuite xmlns:xsi="http://www.w3.org/2001/XMLSchema-instance" xsi:noNamespaceSchemaLocation="https://maven.apache.org/surefire/maven-surefire-plugin/xsd/surefire-test-report-3.0.xsd" version="3.0" name="TestSuite" time="67.221" tests="3" errors="0" skipped="0" failures="1">
  <properties>
[...]
</properties>
  <testcase name="verifyDTC_EndToEndFlow" classname="lendingPointUI.TestCases.DTC_EndToEndFlowTest" time="36.151">
    <failure message="Expected condition failed: waiting for visibility of [[ChromeDriver: chrome on windows (7d7e45ef5922bc10f47212923612c6b7)] -&gt; xpath: //span[text()=&apos;SELECT OFFER&apos;]] (tried for 20 second(s) with 500 milliseconds interval)&#10;Build info: version: &apos;4.23.0&apos;, revision: &apos;4df0a231af&apos;&#10;System info: os.name: &apos;Windows 10&apos;, os.arch: &apos;amd64&apos;, os.version: &apos;10.0&apos;, java.version: &apos;15.0.2&apos;&#10;Driver info: org.openqa.selenium.chrome.ChromeDriver&#10;Capabilities {acceptInsecureCerts: false, browserName: chrome, browserVersion: 126.0.6478.185, chrome: {chromedriverVersion: 126.0.6478.182 (5b5d8292ddf..., userDataDir: C:\Windows\SystemTemp\scope...}, fedcm:accounts: true, goog:chromeOptions: {debuggerAddress: localhost:53207}, networkConnectionEnabled: false, pageLoadStrategy: normal, platformName: windows, proxy: Proxy(), se:cdp: ws://localhost:53207/devtoo..., se:cdpVersion: 126.0.6478.185, setWindowRect: true, strictFileInteractability: false, timeouts: {implicit: 0, pageLoad: 300000, script: 30000}, unhandledPromptBehavior: dismiss and notify, webauthn:extension:credBlob: true, webauthn:extension:largeBlob: true, webauthn:extension:minPinLength: true, webauthn:extension:prf: true, webauthn:virtualAuthenticators: true}&#10;Session ID: 7d7e45ef5922bc10f47212923612c6b7" type="org.openqa.selenium.TimeoutException"><![CDATA[org.openqa.selenium.TimeoutException: 
Expected condition failed: waiting for visibility of [[ChromeDriver: chrome on windows (7d7e45ef5922bc10f47212923612c6b7)] -> xpath: //span[text()='SELECT OFFER']] (tried for 20 second(s) with 500 milliseconds interval)
Build info: version: '4.23.0', revision: '4df0a231af'
System info: os.name: 'Windows 10', os.arch: 'amd64', os.version: '10.0', java.version: '15.0.2'
Driver info: org.openqa.selenium.chrome.ChromeDriver
Capabilities {acceptInsecureCerts: false, browserName: chrome, browserVersion: 126.0.6478.185, chrome: {chromedriverVersion: 126.0.6478.182 (5b5d8292ddf..., userDataDir: C:\Windows\SystemTemp\scope...}, fedcm:accounts: true, goog:chromeOptions: {debuggerAddress: localhost:53207}, networkConnectionEnabled: false, pageLoadStrategy: normal, platformName: windows, proxy: Proxy(), se:cdp: ws://localhost:53207/devtoo..., se:cdpVersion: 126.0.6478.185, setWindowRect: true, strictFileInteractability: false, timeouts: {implicit: 0, pageLoad: 300000, script: 30000}, unhandledPromptBehavior: dismiss and notify, webauthn:extension:credBlob: true, webauthn:extension:largeBlob: true, webauthn:extension:minPinLength: true, webauthn:extension:prf: true, webauthn:virtualAuthenticators: true}
Session ID: 7d7e45ef5922bc10f47212923612c6b7
	at lendingPointUI.TestCases.DTC_EndToEndFlowTest.verifyDTC_EndToEndFlow(DTC_EndToEndFlowTest.java:82)
]]></failure>
    <system-out><![CDATA[log4j: reset attribute= "false".
log4j: Threshold ="null".
log4j: Level value for root is  [debug].
log4j: root level set to DEBUG
log4j: Class name: [org.apache.log4j.ConsoleAppender]
log4j: Setting property [target] to [System.out].
log4j: Parsing layout of class: "org.apache.log4j.PatternLayout"
log4j: Setting property [conversionPattern] to [%d{yyyy-MM-dd HH:mm:ss} %-5p %c{1}:%L - %m%n].
log4j: Adding appender named [console] to category [root].
log4j: Class name: [org.apache.log4j.RollingFileAppender]
log4j: Setting property [file] to [Logs/log4j.log].
log4j: Parsing layout of class: "org.apache.log4j.PatternLayout"
log4j: Setting property [conversionPattern] to [%d{yyyy-MM-dd HH:mm:ss} %-5p %c{1}:%L - %m%n].
log4j: setFile called: Logs/log4j.log, true
log4j: setFile ended
log4j: Adding appender named [fileAppender] to category [root].
2024-08-12 16:14:21 INFO  Log:11 - =startTestCase======verifyDTC_EndToEndFlow TEST START======startTestCase=
2024-08-12 16:14:21 INFO  Log:21 - user is going to click & Enter on LoanAmount field
Click Action is performed
Successfully entered value
2024-08-12 16:14:22 INFO  Log:21 - user is going to click & Enter on LoanPurpose field
Option selected by Value
2024-08-12 16:14:23 INFO  Log:21 - user is going to click & Enter on FirstName field
Successfully entered value
2024-08-12 16:14:23 INFO  Log:21 - user is going to click & Enter on LastName field
Successfully entered value
2024-08-12 16:14:23 INFO  Log:21 - user is going to click & Enter on DateOfBirth field
Select value from the DropDown
2024-08-12 16:14:25 INFO  Log:21 - user is going to Enter on PhoneNumber field
Select value from the DropDown
2024-08-12 16:14:27 INFO  Log:21 - user is going to Enter on Email field
Select value from the DropDown
2024-08-12 16:14:29 INFO  Log:21 - user is going to Enter on Address field
Select value from the DropDown
2024-08-12 16:14:31 INFO  Log:21 - user is going to Enter on Zip field
Select value from the DropDown
2024-08-12 16:14:34 INFO  Log:21 - user is going to Enter on AnnualIncome field
Successfully entered value
2024-08-12 16:14:34 INFO  Log:21 - user is going to click & Enter on LoanPurpose field
Option selected by Value
2024-08-12 16:14:34 INFO  Log:21 - user is going to click & Enter on SSN field
Successfully entered value
2024-08-12 16:14:34 INFO  Log:21 - user is going to click & Enter on SSN field
Select value from the DropDown
2024-08-12 16:14:36 INFO  Log:21 - user is going to click on Submit Bttn
2024-08-12 16:14:37 INFO  Log:21 - Validate Offer Selection Page Opened or not
]]></system-out>
    <system-err><![CDATA[SLF4J: Failed to load class "org.slf4j.impl.StaticLoggerBinder".
SLF4J: Defaulting to no-operation (NOP) logger implementation
SLF4J: See http://www.slf4j.org/codes.html#StaticLoggerBinder for further details.
]]></system-err>
  </testcase>
  <testcase name="verifyLPTitle" classname="lendingPointUI.TestCases.ApplyPageTest" time="0.009"/>
  <testcase name="verifyLoanApply" classname="lendingPointUI.TestCases.ApplyPageTest" time="15.033"/>
</testsuite>