<?xml version="1.0" encoding="UTF-8"?>
<testng-results ignored="0" total="3" passed="2" failed="1" skipped="0">
  <reporter-output>
  </reporter-output>
  <suite started-at="2024-08-12T16:14:16 IST" name="Suite" finished-at="2024-08-12T16:15:22 IST" duration-ms="66213">
    <groups>
      <group name="Sanity">
        <method signature="ApplyPageTest.verifyLPTitle()[pri:1, instance:lendingPointUI.TestCases.ApplyPageTest@323b36e0]" name="verifyLPTitle" class="lendingPointUI.TestCases.ApplyPageTest"/>
      </group> <!-- Sanity -->
      <group name="Regression">
        <method signature="DTC_EndToEndFlowTest.verifyDTC_EndToEndFlow()[pri:0, instance:lendingPointUI.TestCases.DTC_EndToEndFlowTest@74e52303]" name="verifyDTC_EndToEndFlow" class="lendingPointUI.TestCases.DTC_EndToEndFlowTest"/>
      </group> <!-- Regression -->
      <group name="Smoke">
        <method signature="ApplyPageTest.verifyLoanApply()[pri:2, instance:lendingPointUI.TestCases.ApplyPageTest@323b36e0]" name="verifyLoanApply" class="lendingPointUI.TestCases.ApplyPageTest"/>
      </group> <!-- Smoke -->
    </groups>
    <test started-at="2024-08-12T16:14:16 IST" name="Automation_all" finished-at="2024-08-12T16:15:22 IST" duration-ms="66213">
      <class name="lendingPointUI.TestCases.DTC_EndToEndFlowTest">
        <test-method is-config="true" signature="loadConfig()[pri:0, instance:lendingPointUI.TestCases.DTC_EndToEndFlowTest@74e52303]" started-at="2024-08-12T16:14:16 IST" name="loadConfig" finished-at="2024-08-12T16:14:16 IST" duration-ms="163" status="PASS">
          <reporter-output>
          </reporter-output>
        </test-method> <!-- loadConfig -->
        <test-method is-config="true" signature="setup(java.lang.String)[pri:0, instance:lendingPointUI.TestCases.DTC_EndToEndFlowTest@74e52303]" started-at="2024-08-12T16:14:16 IST" name="setup" finished-at="2024-08-12T16:14:21 IST" duration-ms="4984" status="PASS">
          <params>
            <param index="0">
              <value>
                <![CDATA[Chrome]]>
              </value>
            </param>
          </params>
          <reporter-output>
          </reporter-output>
        </test-method> <!-- setup -->
        <test-method signature="verifyDTC_EndToEndFlow()[pri:0, instance:lendingPointUI.TestCases.DTC_EndToEndFlowTest@74e52303]" started-at="2024-08-12T16:14:21 IST" name="verifyDTC_EndToEndFlow" finished-at="2024-08-12T16:14:57 IST" duration-ms="35982" status="FAIL">
          <exception class="org.openqa.selenium.TimeoutException">
            <message>
              <![CDATA[Expected condition failed: waiting for visibility of [[ChromeDriver: chrome on windows (7d7e45ef5922bc10f47212923612c6b7)] -> xpath: //span[text()='SELECT OFFER']] (tried for 20 second(s) with 500 milliseconds interval)
Build info: version: '4.23.0', revision: '4df0a231af'
System info: os.name: 'Windows 10', os.arch: 'amd64', os.version: '10.0', java.version: '15.0.2'
Driver info: org.openqa.selenium.chrome.ChromeDriver
Capabilities {acceptInsecureCerts: false, browserName: chrome, browserVersion: 126.0.6478.185, chrome: {chromedriverVersion: 126.0.6478.182 (5b5d8292ddf..., userDataDir: C:\Windows\SystemTemp\scope...}, fedcm:accounts: true, goog:chromeOptions: {debuggerAddress: localhost:53207}, networkConnectionEnabled: false, pageLoadStrategy: normal, platformName: windows, proxy: Proxy(), se:cdp: ws://localhost:53207/devtoo..., se:cdpVersion: 126.0.6478.185, setWindowRect: true, strictFileInteractability: false, timeouts: {implicit: 0, pageLoad: 300000, script: 30000}, unhandledPromptBehavior: dismiss and notify, webauthn:extension:credBlob: true, webauthn:extension:largeBlob: true, webauthn:extension:minPinLength: true, webauthn:extension:prf: true, webauthn:virtualAuthenticators: true}
Session ID: 7d7e45ef5922bc10f47212923612c6b7]]>
            </message>
            <full-stacktrace>
              <![CDATA[org.openqa.selenium.TimeoutException: Expected condition failed: waiting for visibility of [[ChromeDriver: chrome on windows (7d7e45ef5922bc10f47212923612c6b7)] -> xpath: //span[text()='SELECT OFFER']] (tried for 20 second(s) with 500 milliseconds interval)
Build info: version: '4.23.0', revision: '4df0a231af'
System info: os.name: 'Windows 10', os.arch: 'amd64', os.version: '10.0', java.version: '15.0.2'
Driver info: org.openqa.selenium.chrome.ChromeDriver
Capabilities {acceptInsecureCerts: false, browserName: chrome, browserVersion: 126.0.6478.185, chrome: {chromedriverVersion: 126.0.6478.182 (5b5d8292ddf..., userDataDir: C:\Windows\SystemTemp\scope...}, fedcm:accounts: true, goog:chromeOptions: {debuggerAddress: localhost:53207}, networkConnectionEnabled: false, pageLoadStrategy: normal, platformName: windows, proxy: Proxy(), se:cdp: ws://localhost:53207/devtoo..., se:cdpVersion: 126.0.6478.185, setWindowRect: true, strictFileInteractability: false, timeouts: {implicit: 0, pageLoad: 300000, script: 30000}, unhandledPromptBehavior: dismiss and notify, webauthn:extension:credBlob: true, webauthn:extension:largeBlob: true, webauthn:extension:minPinLength: true, webauthn:extension:prf: true, webauthn:virtualAuthenticators: true}
Session ID: 7d7e45ef5922bc10f47212923612c6b7
at org.openqa.selenium.support.ui.WebDriverWait.timeoutException(WebDriverWait.java:84)
at org.openqa.selenium.support.ui.FluentWait.until(FluentWait.java:228)
at ActionDriver.action.waitForElementVisibility(action.java:39)
at PageObjects.SelectOfferPage.verifySelectAnOfferText(SelectOfferPage.java:29)
at lendingPointUI.TestCases.DTC_EndToEndFlowTest.verifyDTC_EndToEndFlow(DTC_EndToEndFlowTest.java:82)
at java.base/jdk.internal.reflect.NativeMethodAccessorImpl.invoke0(Native Method)
at java.base/jdk.internal.reflect.NativeMethodAccessorImpl.invoke(NativeMethodAccessorImpl.java:64)
at java.base/jdk.internal.reflect.DelegatingMethodAccessorImpl.invoke(DelegatingMethodAccessorImpl.java:43)
at java.base/java.lang.reflect.Method.invoke(Method.java:564)
at org.testng.internal.invokers.MethodInvocationHelper.invokeMethod(MethodInvocationHelper.java:141)
at org.testng.internal.invokers.TestInvoker.invokeMethod(TestInvoker.java:686)
at org.testng.internal.invokers.TestInvoker.invokeTestMethod(TestInvoker.java:230)
at org.testng.internal.invokers.MethodRunner.runInSequence(MethodRunner.java:63)
at org.testng.internal.invokers.TestInvoker$MethodInvocationAgent.invoke(TestInvoker.java:992)
at org.testng.internal.invokers.TestInvoker.invokeTestMethods(TestInvoker.java:203)
at org.testng.internal.invokers.TestMethodWorker.invokeTestMethods(TestMethodWorker.java:154)
at org.testng.internal.invokers.TestMethodWorker.run(TestMethodWorker.java:134)
at java.base/java.util.ArrayList.forEach(ArrayList.java:1511)
at org.testng.TestRunner.privateRun(TestRunner.java:739)
at org.testng.TestRunner.run(TestRunner.java:614)
at org.testng.SuiteRunner.runTest(SuiteRunner.java:421)
at org.testng.SuiteRunner.runSequentially(SuiteRunner.java:413)
at org.testng.SuiteRunner.privateRun(SuiteRunner.java:373)
at org.testng.SuiteRunner.run(SuiteRunner.java:312)
at org.testng.SuiteRunnerWorker.runSuite(SuiteRunnerWorker.java:52)
at org.testng.SuiteRunnerWorker.run(SuiteRunnerWorker.java:95)
at org.testng.TestNG.runSuitesSequentially(TestNG.java:1274)
at org.testng.TestNG.runSuitesLocally(TestNG.java:1208)
at org.testng.TestNG.runSuites(TestNG.java:1112)
at org.testng.TestNG.run(TestNG.java:1079)
at org.apache.maven.surefire.testng.TestNGExecutor.run(TestNGExecutor.java:283)
at org.apache.maven.surefire.testng.TestNGXmlTestSuite.execute(TestNGXmlTestSuite.java:75)
at org.apache.maven.surefire.testng.TestNGProvider.invoke(TestNGProvider.java:120)
at org.apache.maven.surefire.booter.ForkedBooter.runSuitesInProcess(ForkedBooter.java:377)
at org.apache.maven.surefire.booter.ForkedBooter.execute(ForkedBooter.java:138)
at org.apache.maven.surefire.booter.ForkedBooter.run(ForkedBooter.java:465)
at org.apache.maven.surefire.booter.ForkedBooter.main(ForkedBooter.java:451)
]]>
            </full-stacktrace>
          </exception> <!-- org.openqa.selenium.TimeoutException -->
          <reporter-output>
          </reporter-output>
        </test-method> <!-- verifyDTC_EndToEndFlow -->
        <test-method is-config="true" signature="tearDown()[pri:0, instance:lendingPointUI.TestCases.DTC_EndToEndFlowTest@74e52303]" started-at="2024-08-12T16:14:57 IST" name="tearDown" finished-at="2024-08-12T16:14:58 IST" duration-ms="687" status="PASS">
          <reporter-output>
          </reporter-output>
        </test-method> <!-- tearDown -->
        <test-method is-config="true" signature="afterSuite()[pri:0, instance:lendingPointUI.TestCases.DTC_EndToEndFlowTest@74e52303]" started-at="2024-08-12T16:15:22 IST" name="afterSuite" finished-at="2024-08-12T16:15:22 IST" duration-ms="306" status="PASS">
          <reporter-output>
          </reporter-output>
        </test-method> <!-- afterSuite -->
      </class> <!-- lendingPointUI.TestCases.DTC_EndToEndFlowTest -->
      <class name="lendingPointUI.TestCases.ApplyPageTest">
        <test-method is-config="true" signature="setup(java.lang.String)[pri:0, instance:lendingPointUI.TestCases.ApplyPageTest@323b36e0]" started-at="2024-08-12T16:14:58 IST" name="setup" finished-at="2024-08-12T16:15:02 IST" duration-ms="4516" status="PASS">
          <params>
            <param index="0">
              <value>
                <![CDATA[Chrome]]>
              </value>
            </param>
          </params>
          <reporter-output>
          </reporter-output>
        </test-method> <!-- setup -->
        <test-method signature="verifyLPTitle()[pri:1, instance:lendingPointUI.TestCases.ApplyPageTest@323b36e0]" started-at="2024-08-12T16:15:02 IST" name="verifyLPTitle" finished-at="2024-08-12T16:15:02 IST" duration-ms="10" status="PASS">
          <reporter-output>
          </reporter-output>
        </test-method> <!-- verifyLPTitle -->
        <test-method is-config="true" signature="tearDown()[pri:0, instance:lendingPointUI.TestCases.ApplyPageTest@323b36e0]" started-at="2024-08-12T16:15:02 IST" name="tearDown" finished-at="2024-08-12T16:15:03 IST" duration-ms="655" status="PASS">
          <reporter-output>
          </reporter-output>
        </test-method> <!-- tearDown -->
        <test-method is-config="true" signature="setup(java.lang.String)[pri:0, instance:lendingPointUI.TestCases.ApplyPageTest@323b36e0]" started-at="2024-08-12T16:15:03 IST" name="setup" finished-at="2024-08-12T16:15:06 IST" duration-ms="3457" status="PASS">
          <params>
            <param index="0">
              <value>
                <![CDATA[Chrome]]>
              </value>
            </param>
          </params>
          <reporter-output>
          </reporter-output>
        </test-method> <!-- setup -->
        <test-method signature="verifyLoanApply()[pri:2, instance:lendingPointUI.TestCases.ApplyPageTest@323b36e0]" started-at="2024-08-12T16:15:06 IST" name="verifyLoanApply" finished-at="2024-08-12T16:15:21 IST" duration-ms="15032" status="PASS">
          <reporter-output>
          </reporter-output>
        </test-method> <!-- verifyLoanApply -->
        <test-method is-config="true" signature="tearDown()[pri:0, instance:lendingPointUI.TestCases.ApplyPageTest@323b36e0]" started-at="2024-08-12T16:15:21 IST" name="tearDown" finished-at="2024-08-12T16:15:22 IST" duration-ms="691" status="PASS">
          <reporter-output>
          </reporter-output>
        </test-method> <!-- tearDown -->
      </class> <!-- lendingPointUI.TestCases.ApplyPageTest -->
    </test> <!-- Automation_all -->
  </suite> <!-- Suite -->
</testng-results>
