<?xml version="1.0" encoding="UTF-8"?>
<!-- Generated by org.testng.reporters.JUnitXMLReporter -->
<testsuite ignored="1" hostname="Trantor-LP452" failures="0" tests="1" name="Sanity" time="5.707" errors="0" timestamp="2024-08-11T20:30:07 IST">
  <testcase classname="lendingPointUI.TestCases.ApplyPageTest" name="verifyLPTitle" time="0.046"/>
  <testcase classname="lendingPointUI.TestCases.ApplyPageTest" name="verifyLoanApply" time="0.0">
    <ignored/>
  </testcase> <!-- verifyLoanApply -->
</testsuite> <!-- Sanity -->
