<?xml version="1.0" encoding="UTF-8"?>
<testng-results ignored="0" total="3" passed="2" failed="1" skipped="0">
  <reporter-output>
  </reporter-output>
  <suite started-at="2024-08-12T09:37:02 IST" name="Suite" finished-at="2024-08-12T09:37:40 IST" duration-ms="38421">
    <groups>
      <group name="Regression">
        <method signature="DTC_EndToEndFlowTest.verifyDTC_EndToEndFlow()[pri:0, instance:lendingPointUI.TestCases.DTC_EndToEndFlowTest@279fedbd]" name="verifyDTC_EndToEndFlow" class="lendingPointUI.TestCases.DTC_EndToEndFlowTest"/>
      </group> <!-- Regression -->
    </groups>
    <test started-at="2024-08-12T09:37:02 IST" name="Regression" finished-at="2024-08-12T09:37:40 IST" duration-ms="38421">
      <class name="lendingPointUI.TestCases.DTC_EndToEndFlowTest">
        <test-method is-config="true" signature="loadConfig()[pri:0, instance:lendingPointUI.TestCases.DTC_EndToEndFlowTest@279fedbd]" started-at="2024-08-12T09:37:01 IST" name="loadConfig" finished-at="2024-08-12T09:37:02 IST" duration-ms="161" status="PASS">
          <reporter-output>
          </reporter-output>
        </test-method> <!-- loadConfig -->
        <test-method is-config="true" signature="setup(java.lang.String)[pri:0, instance:lendingPointUI.TestCases.DTC_EndToEndFlowTest@279fedbd]" started-at="2024-08-12T09:37:02 IST" name="setup" finished-at="2024-08-12T09:37:06 IST" duration-ms="4829" status="PASS">
          <params>
            <param index="0">
              <value>
                <![CDATA[Chrome]]>
              </value>
            </param>
          </params>
          <reporter-output>
          </reporter-output>
        </test-method> <!-- setup -->
        <test-method signature="verifyDTC_EndToEndFlow()[pri:0, instance:lendingPointUI.TestCases.DTC_EndToEndFlowTest@279fedbd]" started-at="2024-08-12T09:37:06 IST" name="verifyDTC_EndToEndFlow" finished-at="2024-08-12T09:37:39 IST" duration-ms="32696" status="FAIL">
          <exception class="org.openqa.selenium.StaleElementReferenceException">
            <message>
              <![CDATA[stale element reference: stale element not found in the current frame
  (Session info: chrome=126.0.6478.185)
For documentation on this error, please visit: https://www.selenium.dev/documentation/webdriver/troubleshooting/errors#stale-element-reference-exception
Build info: version: '4.23.0', revision: '4df0a231af'
System info: os.name: 'Windows 10', os.arch: 'amd64', os.version: '10.0', java.version: '15.0.2'
Driver info: org.openqa.selenium.chrome.ChromeDriver
Command: [0d6621ae24e3ed2dc51d08f4e1d2cc6c, isElementDisplayed {id=f.0C7D70262DC388886F994184FE64548E.d.111B03503BB349430B6859B8EC21307E.e.65}]
Capabilities {acceptInsecureCerts: false, browserName: chrome, browserVersion: 126.0.6478.185, chrome: {chromedriverVersion: 126.0.6478.182 (5b5d8292ddf..., userDataDir: C:\Windows\SystemTemp\scope...}, fedcm:accounts: true, goog:chromeOptions: {debuggerAddress: localhost:63510}, networkConnectionEnabled: false, pageLoadStrategy: normal, platformName: windows, proxy: Proxy(), se:cdp: ws://localhost:63510/devtoo..., se:cdpVersion: 126.0.6478.185, setWindowRect: true, strictFileInteractability: false, timeouts: {implicit: 0, pageLoad: 300000, script: 30000}, unhandledPromptBehavior: dismiss and notify, webauthn:extension:credBlob: true, webauthn:extension:largeBlob: true, webauthn:extension:minPinLength: true, webauthn:extension:prf: true, webauthn:virtualAuthenticators: true}
Element: [[ChromeDriver: chrome on windows (0d6621ae24e3ed2dc51d08f4e1d2cc6c)] -> xpath: //span[text()='SELECT OFFER']]
Session ID: 0d6621ae24e3ed2dc51d08f4e1d2cc6c]]>
            </message>
            <full-stacktrace>
              <![CDATA[org.openqa.selenium.StaleElementReferenceException: stale element reference: stale element not found in the current frame
  (Session info: chrome=126.0.6478.185)
For documentation on this error, please visit: https://www.selenium.dev/documentation/webdriver/troubleshooting/errors#stale-element-reference-exception
Build info: version: '4.23.0', revision: '4df0a231af'
System info: os.name: 'Windows 10', os.arch: 'amd64', os.version: '10.0', java.version: '15.0.2'
Driver info: org.openqa.selenium.chrome.ChromeDriver
Command: [0d6621ae24e3ed2dc51d08f4e1d2cc6c, isElementDisplayed {id=f.0C7D70262DC388886F994184FE64548E.d.111B03503BB349430B6859B8EC21307E.e.65}]
Capabilities {acceptInsecureCerts: false, browserName: chrome, browserVersion: 126.0.6478.185, chrome: {chromedriverVersion: 126.0.6478.182 (5b5d8292ddf..., userDataDir: C:\Windows\SystemTemp\scope...}, fedcm:accounts: true, goog:chromeOptions: {debuggerAddress: localhost:63510}, networkConnectionEnabled: false, pageLoadStrategy: normal, platformName: windows, proxy: Proxy(), se:cdp: ws://localhost:63510/devtoo..., se:cdpVersion: 126.0.6478.185, setWindowRect: true, strictFileInteractability: false, timeouts: {implicit: 0, pageLoad: 300000, script: 30000}, unhandledPromptBehavior: dismiss and notify, webauthn:extension:credBlob: true, webauthn:extension:largeBlob: true, webauthn:extension:minPinLength: true, webauthn:extension:prf: true, webauthn:virtualAuthenticators: true}
Element: [[ChromeDriver: chrome on windows (0d6621ae24e3ed2dc51d08f4e1d2cc6c)] -> xpath: //span[text()='SELECT OFFER']]
Session ID: 0d6621ae24e3ed2dc51d08f4e1d2cc6c
at java.base/jdk.internal.reflect.NativeConstructorAccessorImpl.newInstance0(Native Method)
at java.base/jdk.internal.reflect.NativeConstructorAccessorImpl.newInstance(NativeConstructorAccessorImpl.java:64)
at java.base/jdk.internal.reflect.DelegatingConstructorAccessorImpl.newInstance(DelegatingConstructorAccessorImpl.java:45)
at java.base/java.lang.reflect.Constructor.newInstanceWithCaller(Constructor.java:500)
at java.base/java.lang.reflect.Constructor.newInstance(Constructor.java:481)
at org.openqa.selenium.remote.ErrorCodec.decode(ErrorCodec.java:167)
at org.openqa.selenium.remote.codec.w3c.W3CHttpResponseCodec.decode(W3CHttpResponseCodec.java:138)
at org.openqa.selenium.remote.codec.w3c.W3CHttpResponseCodec.decode(W3CHttpResponseCodec.java:50)
at org.openqa.selenium.remote.HttpCommandExecutor.execute(HttpCommandExecutor.java:190)
at org.openqa.selenium.remote.service.DriverCommandExecutor.invokeExecute(DriverCommandExecutor.java:216)
at org.openqa.selenium.remote.service.DriverCommandExecutor.execute(DriverCommandExecutor.java:174)
at org.openqa.selenium.remote.RemoteWebDriver.execute(RemoteWebDriver.java:527)
at org.openqa.selenium.remote.RemoteWebElement.execute(RemoteWebElement.java:223)
at org.openqa.selenium.remote.RemoteWebElement.isDisplayed(RemoteWebElement.java:282)
at jdk.internal.reflect.GeneratedMethodAccessor6.invoke(Unknown Source)
at java.base/jdk.internal.reflect.DelegatingMethodAccessorImpl.invoke(DelegatingMethodAccessorImpl.java:43)
at java.base/java.lang.reflect.Method.invoke(Method.java:564)
at org.openqa.selenium.support.pagefactory.internal.LocatingElementHandler.invoke(LocatingElementHandler.java:51)
at com.sun.proxy.$Proxy16.isDisplayed(Unknown Source)
at org.openqa.selenium.support.ui.ExpectedConditions.elementIfVisible(ExpectedConditions.java:304)
at org.openqa.selenium.support.ui.ExpectedConditions$10.apply(ExpectedConditions.java:290)
at org.openqa.selenium.support.ui.ExpectedConditions$10.apply(ExpectedConditions.java:287)
at org.openqa.selenium.support.ui.FluentWait.until(FluentWait.java:203)
at ActionDriver.action.waitForElementVisibility(action.java:39)
at PageObjects.SelectOfferPage.verifySelectAnOfferText(SelectOfferPage.java:29)
at lendingPointUI.TestCases.DTC_EndToEndFlowTest.verifyDTC_EndToEndFlow(DTC_EndToEndFlowTest.java:82)
at java.base/jdk.internal.reflect.NativeMethodAccessorImpl.invoke0(Native Method)
at java.base/jdk.internal.reflect.NativeMethodAccessorImpl.invoke(NativeMethodAccessorImpl.java:64)
at java.base/jdk.internal.reflect.DelegatingMethodAccessorImpl.invoke(DelegatingMethodAccessorImpl.java:43)
at java.base/java.lang.reflect.Method.invoke(Method.java:564)
at org.testng.internal.invokers.MethodInvocationHelper.invokeMethod(MethodInvocationHelper.java:141)
at org.testng.internal.invokers.TestInvoker.invokeMethod(TestInvoker.java:686)
at org.testng.internal.invokers.TestInvoker.invokeTestMethod(TestInvoker.java:230)
at org.testng.internal.invokers.MethodRunner.runInSequence(MethodRunner.java:63)
at org.testng.internal.invokers.TestInvoker$MethodInvocationAgent.invoke(TestInvoker.java:992)
at org.testng.internal.invokers.TestInvoker.invokeTestMethods(TestInvoker.java:203)
at org.testng.internal.invokers.TestMethodWorker.invokeTestMethods(TestMethodWorker.java:154)
at org.testng.internal.invokers.TestMethodWorker.run(TestMethodWorker.java:134)
at java.base/java.util.ArrayList.forEach(ArrayList.java:1511)
at org.testng.TestRunner.privateRun(TestRunner.java:739)
at org.testng.TestRunner.run(TestRunner.java:614)
at org.testng.SuiteRunner.runTest(SuiteRunner.java:421)
at org.testng.SuiteRunner.runSequentially(SuiteRunner.java:413)
at org.testng.SuiteRunner.privateRun(SuiteRunner.java:373)
at org.testng.SuiteRunner.run(SuiteRunner.java:312)
at org.testng.SuiteRunnerWorker.runSuite(SuiteRunnerWorker.java:52)
at org.testng.SuiteRunnerWorker.run(SuiteRunnerWorker.java:95)
at org.testng.TestNG.runSuitesSequentially(TestNG.java:1274)
at org.testng.TestNG.runSuitesSequentially(TestNG.java:1269)
at org.testng.TestNG.runSuitesLocally(TestNG.java:1208)
at org.testng.TestNG.runSuites(TestNG.java:1112)
at org.testng.TestNG.run(TestNG.java:1079)
at org.testng.remote.AbstractRemoteTestNG.run(AbstractRemoteTestNG.java:115)
at org.testng.remote.RemoteTestNG.initAndRun(RemoteTestNG.java:293)
at org.testng.remote.RemoteTestNG.main(RemoteTestNG.java:91)
]]>
            </full-stacktrace>
          </exception> <!-- org.openqa.selenium.StaleElementReferenceException -->
          <reporter-output>
          </reporter-output>
        </test-method> <!-- verifyDTC_EndToEndFlow -->
        <test-method is-config="true" signature="tearDown()[pri:0, instance:lendingPointUI.TestCases.DTC_EndToEndFlowTest@279fedbd]" started-at="2024-08-12T09:37:39 IST" name="tearDown" finished-at="2024-08-12T09:37:40 IST" duration-ms="692" status="PASS">
          <reporter-output>
          </reporter-output>
        </test-method> <!-- tearDown -->
        <test-method is-config="true" signature="afterSuite()[pri:0, instance:lendingPointUI.TestCases.DTC_EndToEndFlowTest@279fedbd]" started-at="2024-08-12T09:37:40 IST" name="afterSuite" finished-at="2024-08-12T09:37:40 IST" duration-ms="236" status="PASS">
          <reporter-output>
          </reporter-output>
        </test-method> <!-- afterSuite -->
      </class> <!-- lendingPointUI.TestCases.DTC_EndToEndFlowTest -->
    </test> <!-- Regression -->
  </suite> <!-- Suite -->
  <suite started-at="2024-08-12T09:37:46 IST" name="Suite (1)" finished-at="2024-08-12T09:38:06 IST" duration-ms="20365">
    <groups>
      <group name="Smoke">
        <method signature="ApplyPageTest.verifyLoanApply()[pri:2, instance:lendingPointUI.TestCases.ApplyPageTest@385e9564]" name="verifyLoanApply" class="lendingPointUI.TestCases.ApplyPageTest"/>
      </group> <!-- Smoke -->
    </groups>
    <test started-at="2024-08-12T09:37:46 IST" name="Smoke" finished-at="2024-08-12T09:38:06 IST" duration-ms="20365">
      <class name="lendingPointUI.TestCases.ApplyPageTest">
        <test-method is-config="true" signature="loadConfig()[pri:0, instance:lendingPointUI.TestCases.ApplyPageTest@385e9564]" started-at="2024-08-12T09:37:46 IST" name="loadConfig" finished-at="2024-08-12T09:37:46 IST" duration-ms="15" status="PASS">
          <reporter-output>
          </reporter-output>
        </test-method> <!-- loadConfig -->
        <test-method is-config="true" signature="setup(java.lang.String)[pri:0, instance:lendingPointUI.TestCases.ApplyPageTest@385e9564]" started-at="2024-08-12T09:37:46 IST" name="setup" finished-at="2024-08-12T09:37:50 IST" duration-ms="4269" status="PASS">
          <params>
            <param index="0">
              <value>
                <![CDATA[Chrome]]>
              </value>
            </param>
          </params>
          <reporter-output>
          </reporter-output>
        </test-method> <!-- setup -->
        <test-method signature="verifyLoanApply()[pri:2, instance:lendingPointUI.TestCases.ApplyPageTest@385e9564]" started-at="2024-08-12T09:37:50 IST" name="verifyLoanApply" finished-at="2024-08-12T09:38:05 IST" duration-ms="15434" status="PASS">
          <reporter-output>
          </reporter-output>
        </test-method> <!-- verifyLoanApply -->
        <test-method is-config="true" signature="tearDown()[pri:0, instance:lendingPointUI.TestCases.ApplyPageTest@385e9564]" started-at="2024-08-12T09:38:05 IST" name="tearDown" finished-at="2024-08-12T09:38:06 IST" duration-ms="657" status="PASS">
          <reporter-output>
          </reporter-output>
        </test-method> <!-- tearDown -->
        <test-method is-config="true" signature="afterSuite()[pri:0, instance:lendingPointUI.TestCases.ApplyPageTest@385e9564]" started-at="2024-08-12T09:38:06 IST" name="afterSuite" finished-at="2024-08-12T09:38:06 IST" duration-ms="54" status="PASS">
          <reporter-output>
          </reporter-output>
        </test-method> <!-- afterSuite -->
      </class> <!-- lendingPointUI.TestCases.ApplyPageTest -->
    </test> <!-- Smoke -->
  </suite> <!-- Suite (1) -->
  <suite started-at="2024-08-12T09:37:40 IST" name="Suite (0)" finished-at="2024-08-12T09:37:45 IST" duration-ms="5224">
    <groups>
      <group name="Sanity">
        <method signature="ApplyPageTest.verifyLPTitle()[pri:1, instance:lendingPointUI.TestCases.ApplyPageTest@399c4be1]" name="verifyLPTitle" class="lendingPointUI.TestCases.ApplyPageTest"/>
      </group> <!-- Sanity -->
    </groups>
    <test started-at="2024-08-12T09:37:40 IST" name="Sanity" finished-at="2024-08-12T09:37:45 IST" duration-ms="5224">
      <class name="lendingPointUI.TestCases.ApplyPageTest">
        <test-method is-config="true" signature="loadConfig()[pri:0, instance:lendingPointUI.TestCases.ApplyPageTest@399c4be1]" started-at="2024-08-12T09:37:40 IST" name="loadConfig" finished-at="2024-08-12T09:37:40 IST" duration-ms="9" status="PASS">
          <reporter-output>
          </reporter-output>
        </test-method> <!-- loadConfig -->
        <test-method is-config="true" signature="setup(java.lang.String)[pri:0, instance:lendingPointUI.TestCases.ApplyPageTest@399c4be1]" started-at="2024-08-12T09:37:40 IST" name="setup" finished-at="2024-08-12T09:37:45 IST" duration-ms="4559" status="PASS">
          <params>
            <param index="0">
              <value>
                <![CDATA[Chrome]]>
              </value>
            </param>
          </params>
          <reporter-output>
          </reporter-output>
        </test-method> <!-- setup -->
        <test-method signature="verifyLPTitle()[pri:1, instance:lendingPointUI.TestCases.ApplyPageTest@399c4be1]" started-at="2024-08-12T09:37:45 IST" name="verifyLPTitle" finished-at="2024-08-12T09:37:45 IST" duration-ms="20" status="PASS">
          <reporter-output>
          </reporter-output>
        </test-method> <!-- verifyLPTitle -->
        <test-method is-config="true" signature="tearDown()[pri:0, instance:lendingPointUI.TestCases.ApplyPageTest@399c4be1]" started-at="2024-08-12T09:37:45 IST" name="tearDown" finished-at="2024-08-12T09:37:45 IST" duration-ms="641" status="PASS">
          <reporter-output>
          </reporter-output>
        </test-method> <!-- tearDown -->
        <test-method is-config="true" signature="afterSuite()[pri:0, instance:lendingPointUI.TestCases.ApplyPageTest@399c4be1]" started-at="2024-08-12T09:37:45 IST" name="afterSuite" finished-at="2024-08-12T09:37:46 IST" duration-ms="61" status="PASS">
          <reporter-output>
          </reporter-output>
        </test-method> <!-- afterSuite -->
      </class> <!-- lendingPointUI.TestCases.ApplyPageTest -->
    </test> <!-- Sanity -->
  </suite> <!-- Suite (0) -->
  <suite started-at="2024-08-12T09:38:06 IST" name="AutomationSuite" finished-at="2024-08-12T09:38:06 IST" duration-ms="0">
    <groups>
    </groups>
  </suite> <!-- AutomationSuite -->
</testng-results>
