<?xml version="1.0" encoding="UTF-8"?>
<!-- Generated by org.testng.reporters.JUnitXMLReporter -->
<testsuite ignored="1" hostname="Trantor-LP452" failures="0" tests="1" name="Smoke" time="20.365" errors="0" timestamp="2024-08-12T09:38:06 IST">
  <testcase classname="lendingPointUI.TestCases.ApplyPageTest" name="verifyLoanApply" time="15.434"/>
  <testcase classname="lendingPointUI.TestCases.ApplyPageTest" name="verifyLPTitle" time="0.0">
    <ignored/>
  </testcase> <!-- verifyLPTitle -->
</testsuite> <!-- Smoke -->
